c:\users\richárd\desktop\coding\c++\számítógépes grafika\zh gyakorló\01_oglbase_(new)\01_oglbase\x64\debug\vc142.pdb
c:\users\richárd\desktop\coding\c++\számítógépes grafika\zh gyakorló\01_oglbase_(new)\01_oglbase\x64\debug\vc142.idb
c:\users\richárd\desktop\coding\c++\számítógépes grafika\zh gyakorló\01_oglbase_(new)\01_oglbase\x64\debug\imgui_impl_sdl_gl3.obj
c:\users\richárd\desktop\coding\c++\számítógépes grafika\zh gyakorló\01_oglbase_(new)\01_oglbase\x64\debug\imgui_draw.obj
c:\users\richárd\desktop\coding\c++\számítógépes grafika\zh gyakorló\01_oglbase_(new)\01_oglbase\x64\debug\imgui_demo.obj
c:\users\richárd\desktop\coding\c++\számítógépes grafika\zh gyakorló\01_oglbase_(new)\01_oglbase\x64\debug\imgui.obj
c:\users\richárd\desktop\coding\c++\számítógépes grafika\zh gyakorló\01_oglbase_(new)\01_oglbase\x64\debug\myapp.obj
c:\users\richárd\desktop\coding\c++\számítógépes grafika\zh gyakorló\01_oglbase_(new)\01_oglbase\x64\debug\main.obj
c:\users\richárd\desktop\coding\c++\számítógépes grafika\zh gyakorló\01_oglbase_(new)\01_oglbase\x64\debug\vertexarrayobject.obj
c:\users\richárd\desktop\coding\c++\számítógépes grafika\zh gyakorló\01_oglbase_(new)\01_oglbase\x64\debug\shaderobject.obj
c:\users\richárd\desktop\coding\c++\számítógépes grafika\zh gyakorló\01_oglbase_(new)\01_oglbase\x64\debug\programobject.obj
c:\users\richárd\desktop\coding\c++\számítógépes grafika\zh gyakorló\01_oglbase_(new)\01_oglbase\x64\debug\objparser_ogl3.obj
c:\users\richárd\desktop\coding\c++\számítógépes grafika\zh gyakorló\01_oglbase_(new)\01_oglbase\x64\debug\mesh_ogl3.obj
c:\users\richárd\desktop\coding\c++\számítógépes grafika\zh gyakorló\01_oglbase_(new)\01_oglbase\x64\debug\glconversions.obj
c:\users\richárd\desktop\coding\c++\számítógépes grafika\zh gyakorló\01_oglbase_(new)\01_oglbase\x64\debug\gcamera.obj
c:\users\richárd\desktop\coding\c++\számítógépes grafika\zh gyakorló\01_oglbase_(new)\x64\debug\01_oglbase.exe
c:\users\richárd\desktop\coding\c++\számítógépes grafika\zh gyakorló\01_oglbase_(new)\01_oglbase\x64\debug\01_oglbase.ilk
c:\users\richárd\desktop\coding\c++\számítógépes grafika\zh gyakorló\01_oglbase_(new)\x64\debug\01_oglbase.pdb
d:\github\c-and-cplusplus\graphic\01_oglbase\x64\debug\gcamera.obj
d:\github\c-and-cplusplus\graphic\01_oglbase\x64\debug\glconversions.obj
d:\github\c-and-cplusplus\graphic\01_oglbase\x64\debug\imgui.obj
d:\github\c-and-cplusplus\graphic\01_oglbase\x64\debug\imgui_demo.obj
d:\github\c-and-cplusplus\graphic\01_oglbase\x64\debug\imgui_draw.obj
d:\github\c-and-cplusplus\graphic\01_oglbase\x64\debug\imgui_impl_sdl_gl3.obj
d:\github\c-and-cplusplus\graphic\01_oglbase\x64\debug\main.obj
d:\github\c-and-cplusplus\graphic\01_oglbase\x64\debug\mesh_ogl3.obj
d:\github\c-and-cplusplus\graphic\01_oglbase\x64\debug\myapp.obj
d:\github\c-and-cplusplus\graphic\01_oglbase\x64\debug\objparser_ogl3.obj
d:\github\c-and-cplusplus\graphic\01_oglbase\x64\debug\programobject.obj
d:\github\c-and-cplusplus\graphic\01_oglbase\x64\debug\shaderobject.obj
d:\github\c-and-cplusplus\graphic\01_oglbase\x64\debug\vertexarrayobject.obj
d:\github\c-and-cplusplus\graphic\01_oglbase\x64\debug\01_oglbase.ilk
d:\github\c-and-cplusplus\graphic\01_oglbase\x64\debug\vc142.idb
d:\github\c-and-cplusplus\graphic\01_oglbase\x64\debug\vc142.pdb
d:\github\c-and-cplusplus\graphic\x64\debug\01_oglbase.pdb
d:\github\c-and-cplusplus\graphic\x64\debug\01_oglbase.exe
d:\github\c-and-cplusplus\graphic\01_oglbase\x64\debug\01_oglbase.tlog\cl.command.1.tlog
d:\github\c-and-cplusplus\graphic\01_oglbase\x64\debug\01_oglbase.tlog\cl.read.1.tlog
d:\github\c-and-cplusplus\graphic\01_oglbase\x64\debug\01_oglbase.tlog\cl.write.1.tlog
d:\github\c-and-cplusplus\graphic\01_oglbase\x64\debug\01_oglbase.tlog\link.command.1.tlog
d:\github\c-and-cplusplus\graphic\01_oglbase\x64\debug\01_oglbase.tlog\link.read.1.tlog
d:\github\c-and-cplusplus\graphic\01_oglbase\x64\debug\01_oglbase.tlog\link.write.1.tlog
